<?xml version="1.0" encoding="UTF-8"?>
<!-- Generated by org.testng.reporters.JUnitXMLReporter -->
<testsuite ignored="2" hostname="MADEM" failures="1" tests="1" name="Default test(failed)" time="13.364" errors="0" timestamp="2022-11-22T09:22:06 IST">
  <testcase classname="com.automationframework.testngsession.OrangeHrmLoginTest" name="adminNavigate" time="3.057">
    <failure type="java.lang.AssertionError" message="expected [Admi] but found [Admin]">
      <![CDATA[java.lang.AssertionError: expected [Admi] but found [Admin]
at com.automationframework.testngsession.OrangeHrmLoginTest.adminNavigate(OrangeHrmLoginTest.java:77)
at java.base/java.util.ArrayList.forEach(ArrayList.java:1511)
... Removed 33 stack frames]]>
    </failure>
  </testcase> <!-- adminNavigate -->
  <testcase classname="com.automationframework.testngsession.OrangeHrmLoginTest" name="myInformation" time="0.0">
    <ignored/>
  </testcase> <!-- myInformation -->
  <testcase classname="com.automationframework.testngsession.OrangeHrmLoginTest" name="assignLeave" time="0.0">
    <ignored/>
  </testcase> <!-- assignLeave -->
</testsuite> <!-- Default test(failed) -->
